<?xml version="1.0" encoding="UTF-8"?>
<!-- Generated by org.testng.reporters.JUnitXMLReporter -->
<testsuite ignored="0" hostname="DTP196" failures="0" tests="1" name="Test" time="10.596" errors="0" timestamp="08 Jun 2018 09:03:46 GMT">
  <testcase classname="core.Framework.TestBase.BaseClass" name="@BeforeClass init" time="0.0">
    <failure type="org.openqa.selenium.WebDriverException" message="timeouts
Build info: version: &amp;apos;3.4.0&amp;apos;, revision: &amp;apos;unknown&amp;apos;, time: &amp;apos;unknown&amp;apos;
System info: host: &amp;apos;DTP196&amp;apos;, ip: &amp;apos;10.249.225.112&amp;apos;, os.name: &amp;apos;Windows 10&amp;apos;, os.arch: &amp;apos;amd64&amp;apos;, os.version: &amp;apos;10.0&amp;apos;, java.version: &amp;apos;9.0.1&amp;apos;
Driver info: org.openqa.selenium.firefox.FirefoxDriver
Capabilities [{moz:profile=C:\Users\KJoshi\AppData\Local\Temp\rust_mozprofile.GEOYWWcNw8Nr, rotatable=false, timeouts={implicit=0.0, pageLoad=300000.0, script=30000.0}, pageLoadStrategy=normal, moz:headless=false, platform=ANY, specificationLevel=0.0, moz:accessibilityChecks=false, acceptInsecureCerts=false, browserVersion=56.0, platformVersion=10.0, moz:processID=8864.0, browserName=firefox, javascriptEnabled=true, platformName=windows_nt}]
Session ID: 2346d868-cf77-4576-8c19-e8f48cac1ec7">
      <![CDATA[org.openqa.selenium.WebDriverException: timeouts
Build info: version: '3.4.0', revision: 'unknown', time: 'unknown'
System info: host: 'DTP196', ip: '10.249.225.112', os.name: 'Windows 10', os.arch: 'amd64', os.version: '10.0', java.version: '9.0.1'
Driver info: org.openqa.selenium.firefox.FirefoxDriver
Capabilities [{moz:profile=C:\Users\KJoshi\AppData\Local\Temp\rust_mozprofile.GEOYWWcNw8Nr, rotatable=false, timeouts={implicit=0.0, pageLoad=300000.0, script=30000.0}, pageLoadStrategy=normal, moz:headless=false, platform=ANY, specificationLevel=0.0, moz:accessibilityChecks=false, acceptInsecureCerts=false, browserVersion=56.0, platformVersion=10.0, moz:processID=8864.0, browserName=firefox, javascriptEnabled=true, platformName=windows_nt}]
Session ID: 2346d868-cf77-4576-8c19-e8f48cac1ec7
	at org.openqa.selenium.remote.http.W3CHttpResponseCodec.createException(W3CHttpResponseCodec.java:150)
	at org.openqa.selenium.remote.http.W3CHttpResponseCodec.decode(W3CHttpResponseCodec.java:115)
	at org.openqa.selenium.remote.http.W3CHttpResponseCodec.decode(W3CHttpResponseCodec.java:45)
	at org.openqa.selenium.remote.HttpCommandExecutor.execute(HttpCommandExecutor.java:164)
	at org.openqa.selenium.remote.service.DriverCommandExecutor.execute(DriverCommandExecutor.java:82)
	at org.openqa.selenium.remote.RemoteWebDriver.execute(RemoteWebDriver.java:637)
	at org.openqa.selenium.remote.RemoteWebDriver$RemoteWebDriverOptions$RemoteTimeouts.implicitlyWait(RemoteWebDriver.java:868)
	at core.Framework.TestUtils.Utility.implicitWait(Utility.java:55)
	at core.Framework.TestBase.BaseClass.init(BaseClass.java:76)
	at java.base/java.util.concurrent.ThreadPoolExecutor.runWorker(Unknown Source)
	at java.base/java.util.concurrent.ThreadPoolExecutor$Worker.run(Unknown Source)
	at java.base/java.lang.Thread.run(Unknown Source)
... Removed 14 stack frames]]>
    </failure>
  </testcase> <!-- @BeforeClass init -->
  <testcase classname="core.Framework.TestBase.BaseClass" name="@BeforeMethod beforeMethod" time="0.0">
    <skipped/>
  </testcase> <!-- @BeforeMethod beforeMethod -->
  <testcase classname="core.Framework.TestBase.BaseClass" name="@AfterMethod afterMethod" time="0.0">
    <skipped/>
  </testcase> <!-- @AfterMethod afterMethod -->
  <testcase classname="core.Framework.TestBase.BaseClass" name="@AfterMethod afterMethod" time="0.0">
    <skipped/>
  </testcase> <!-- @AfterMethod afterMethod -->
  <testcase classname="core.Framework.TestBase.BaseClass" name="@AfterClass flushOut" time="0.0">
    <skipped/>
  </testcase> <!-- @AfterClass flushOut -->
  <testcase classname="core.Framework.TestScripts.TC_01" name="LoginTC" time="0.002">
    <skipped/>
  </testcase> <!-- LoginTC -->
</testsuite> <!-- Test -->
